Info: constrained 'clk' to bel 'X0/Y8/io1'
Info: constrained 'oled_cs' to bel 'X13/Y9/io0'
Info: constrained 'oled_clk' to bel 'X0/Y13/io1'
Info: constrained 'oled_mosi' to bel 'X13/Y11/io0'
Info: constrained 'oled_dc' to bel 'X0/Y8/io0'
Info: constrained 'reset' to bel 'X0/Y13/io0'
Warning: unmatched constraint 'LED' (on line 8)
Info: constrained 'RX' to bel 'X7/Y17/io0'
Info: constrained 'TX' to bel 'X6/Y17/io1'

Info: Packing constants..
Info: Packing IOs..
Info: Packing LUT-FFs..
Info:      592 LCs used as LUT4 only
Info:      229 LCs used as LUT4 and DFF
Info: Packing non-LUT FFs..
Info:      127 LCs used as DFF only
Info: Packing carries..
Info:       49 LCs used as CARRY only
Info: Packing indirect carry+LUT pairs...
Info:       13 LUTs merged into carry LCs
Info: Packing RAMs..
Info: Placing PLLs..
Info: Packing special functions..
Info: Packing PLLs..
Info: Promoting globals..
Info: promoting clk$SB_IO_IN (fanout 296)
Info: promoting oled_clk$SB_IO_OUT (fanout 72)
Info: promoting driver.cmd_selector_SB_DFFNE_Q_1_D_SB_LUT4_O_I1_SB_LUT4_O_I3_SB_CARRY_CO_CI_SB_LUT4_I3_O[0] [reset] (fanout 25)
Info: promoting dbu.ms_cnt[23] [reset] (fanout 24)
Info: promoting ueu._b_SB_DFFE_Q_E_SB_LUT4_O_I3[0] [reset] (fanout 16)
Info: promoting driver.is_init_SB_DFFNE_Q_E_SB_LUT4_O_I3_SB_LUT4_I3_1_O [cen] (fanout 25)
Info: promoting driver.enable_SB_DFFE_Q_E_SB_LUT4_I3_O [cen] (fanout 24)
Info: promoting reset$SB_IO_OUT [cen] (fanout 24)
Info: Constraining chains...
Info:       41 LCs used to legalise carry chains.
Info: Checksum: 0xba830fa2

Info: Device utilisation:
Info: 	         ICESTORM_LC:    1027/   1280    80%
Info: 	        ICESTORM_RAM:       6/     16    37%
Info: 	               SB_IO:       8/    112     7%
Info: 	               SB_GB:       8/      8   100%
Info: 	        ICESTORM_PLL:       0/      1     0%
Info: 	         SB_WARMBOOT:       0/      1     0%

Info: Placed 8 cells based on constraints.
Info: Creating initial analytic placement for 758 cells, random placement wirelen = 12095.
Info:     at initial placer iter 0, wirelen = 212
Info:     at initial placer iter 1, wirelen = 165
Info:     at initial placer iter 2, wirelen = 193
Info:     at initial placer iter 3, wirelen = 192
Info: Running main analytical placer, max placement attempts per cell = 137550.
Info:     at iteration #1, type ALL: wirelen solved = 214, spread = 4034, legal = 4667; time = 0.01s
Info:     at iteration #2, type ALL: wirelen solved = 329, spread = 3866, legal = 4615; time = 0.01s
Info:     at iteration #3, type ALL: wirelen solved = 356, spread = 3740, legal = 4497; time = 0.01s
Info:     at iteration #4, type ALL: wirelen solved = 462, spread = 3718, legal = 4550; time = 0.01s
Info:     at iteration #5, type ALL: wirelen solved = 505, spread = 3213, legal = 4187; time = 0.01s
Info:     at iteration #6, type ALL: wirelen solved = 585, spread = 3028, legal = 3925; time = 0.01s
Info:     at iteration #7, type ALL: wirelen solved = 677, spread = 3168, legal = 4272; time = 0.01s
Info:     at iteration #8, type ALL: wirelen solved = 745, spread = 3259, legal = 4314; time = 0.01s
Info:     at iteration #9, type ALL: wirelen solved = 701, spread = 3223, legal = 4122; time = 0.01s
Info:     at iteration #10, type ALL: wirelen solved = 835, spread = 3089, legal = 4172; time = 0.01s
Info:     at iteration #11, type ALL: wirelen solved = 929, spread = 3158, legal = 4238; time = 0.01s
Info: HeAP Placer Time: 0.19s
Info:   of which solving equations: 0.11s
Info:   of which spreading cells: 0.01s
Info:   of which strict legalisation: 0.04s

Info: Running simulated annealing placer for refinement.
Info:   at iteration #1: temp = 0.000000, timing cost = 303, wirelen = 3925
Info:   at iteration #5: temp = 0.000000, timing cost = 288, wirelen = 3082
Info:   at iteration #10: temp = 0.000000, timing cost = 256, wirelen = 2825
Info:   at iteration #15: temp = 0.000000, timing cost = 241, wirelen = 2679
Info:   at iteration #19: temp = 0.000000, timing cost = 234, wirelen = 2621 
Info: SA placement time 0.43s

Info: Max frequency for clock 'oled_clk$SB_IO_OUT_$glb_clk': 65.83 MHz (PASS at 48.00 MHz)
Info: Max frequency for clock       'clk$SB_IO_IN_$glb_clk': 49.11 MHz (PASS at 48.00 MHz)

Info: Max delay <async>                             -> posedge clk$SB_IO_IN_$glb_clk      : 1.36 ns
Info: Max delay posedge clk$SB_IO_IN_$glb_clk       -> <async>                            : 5.26 ns
Info: Max delay posedge clk$SB_IO_IN_$glb_clk       -> negedge oled_clk$SB_IO_OUT_$glb_clk: 6.24 ns
Info: Max delay negedge oled_clk$SB_IO_OUT_$glb_clk -> <async>                            : 3.91 ns
Info: Max delay negedge oled_clk$SB_IO_OUT_$glb_clk -> posedge clk$SB_IO_IN_$glb_clk      : 7.90 ns

Info: Slack histogram:
Info:  legend: * represents 4 endpoint(s)
Info:          + represents [1,4) endpoint(s)
Info: [   470,   1409) |******+
Info: [  1409,   2348) |***+
Info: [  2348,   3287) | 
Info: [  3287,   4226) | 
Info: [  4226,   5165) | 
Info: [  5165,   6104) |*+
Info: [  6104,   7043) |**+
Info: [  7043,   7982) |******+
Info: [  7982,   8921) |*+
Info: [  8921,   9860) |**+
Info: [  9860,  10799) |************+
Info: [ 10799,  11738) |**+
Info: [ 11738,  12677) |*****************+
Info: [ 12677,  13616) |***************************+
Info: [ 13616,  14555) |****************************+
Info: [ 14555,  15494) |**************************************+
Info: [ 15494,  16433) |***************************+
Info: [ 16433,  17372) |**************************+
Info: [ 17372,  18311) |************************************************************ 
Info: [ 18311,  19250) |*************************************+
Info: Checksum: 0x71b7c5b1

Info: Routing..
Info: Setting up routing queue.
Info: Routing 3396 arcs.
Info:            |   (re-)routed arcs  |   delta    | remaining|       time spent     |
Info:    IterCnt |  w/ripup   wo/ripup |  w/r  wo/r |      arcs| batch(sec) total(sec)|
Info:       1000 |      192        798 |  192   798 |      2616|       0.12       0.12|
Info:       2000 |      454       1456 |  262   658 |      1913|       0.07       0.19|
Info:       3000 |      719       2133 |  265   677 |      1266|       0.10       0.29|
Info:       4000 |     1094       2702 |  375   569 |       795|       0.11       0.40|
Info:       5000 |     1294       3473 |  200   771 |        65|       0.09       0.50|
Info:       5132 |     1342       3558 |   48    85 |         0|       0.03       0.53|
Info: Routing complete.
Info: Router1 time 0.53s
Info: Checksum: 0xc33449fc

Info: Critical path report for clock 'oled_clk$SB_IO_OUT_$glb_clk' (negedge -> negedge):
Info:       type curr  total name
Info:   clk-to-q  0.80  0.80 Source driver.y_SB_DFFNE_Q_3_D_SB_LUT4_O_LC.O
Info:    routing  0.87  1.66 Net y[3] (7,7) -> (7,7)
Info:                          Sink driver.y_SB_DFFNE_Q_6_D_SB_LUT4_O_I3_SB_LUT4_O_I3_SB_LUT4_O_I3_SB_LUT4_O_LC.I0
Info:                          Defined in:
Info:                               ./top.v:63.12-63.13
Info:      logic  0.66  2.32 Source driver.y_SB_DFFNE_Q_6_D_SB_LUT4_O_I3_SB_LUT4_O_I3_SB_LUT4_O_I3_SB_LUT4_O_LC.O
Info:    routing  0.87  3.19 Net driver.y_SB_DFFNE_Q_6_D_SB_LUT4_O_I3_SB_LUT4_O_I3_SB_LUT4_O_I3[3] (7,7) -> (7,7)
Info:                          Sink driver.y_SB_DFFNE_Q_6_D_SB_LUT4_O_I3_SB_LUT4_O_I3_SB_LUT4_O_LC.I3
Info:                          Defined in:
Info:                               /usr/local/bin/../share/yosys/ice40/cells_map.v:6.21-6.22
Info:      logic  0.47  3.65 Source driver.y_SB_DFFNE_Q_6_D_SB_LUT4_O_I3_SB_LUT4_O_I3_SB_LUT4_O_LC.O
Info:    routing  1.96  5.62 Net driver.y_SB_DFFNE_Q_6_D_SB_LUT4_O_I3_SB_LUT4_O_I3[1] (7,7) -> (6,3)
Info:                          Sink driver.y_SB_DFFNE_Q_6_D_SB_LUT4_O_I3_SB_LUT4_O_I3_SB_LUT4_I3_LC.I3
Info:                          Defined in:
Info:                               /usr/local/bin/../share/yosys/ice40/cells_map.v:6.21-6.22
Info:      logic  0.47  6.08 Source driver.y_SB_DFFNE_Q_6_D_SB_LUT4_O_I3_SB_LUT4_O_I3_SB_LUT4_I3_LC.O
Info:    routing  0.87  6.95 Net driver.y_SB_DFFNE_Q_6_D_SB_LUT4_O_I3_SB_LUT4_O_I3_SB_LUT4_I3_O[0] (6,3) -> (6,2)
Info:                          Sink driver.y_SB_DFFNE_Q_6_D_SB_LUT4_O_I3_SB_LUT4_O_I3_SB_LUT4_I3_O_SB_LUT4_I0_5_LC.I0
Info:                          Defined in:
Info:                               ./st7735.v:339.24-339.29
Info:                               /usr/local/bin/../share/yosys/ice40/arith_map.v:62.5-70.4
Info:                               /usr/local/bin/../share/yosys/ice40/cells_map.v:6.21-6.22
Info:      logic  0.66  7.61 Source driver.y_SB_DFFNE_Q_6_D_SB_LUT4_O_I3_SB_LUT4_O_I3_SB_LUT4_I3_O_SB_LUT4_I0_5_LC.O
Info:    routing  0.87  8.48 Net driver.y_SB_DFFNE_Q_6_D_SB_LUT4_O_I3_SB_LUT4_O_I3_SB_LUT4_I3_O_SB_LUT4_I0_O[0] (6,2) -> (6,3)
Info:                          Sink driver.y_SB_DFFNE_Q_6_D_SB_LUT4_O_I3_SB_LUT4_O_I3_SB_LUT4_I3_O_SB_LUT4_I0_O_SB_LUT4_I0_LC.I0
Info:                          Defined in:
Info:                               /usr/local/bin/../share/yosys/ice40/cells_map.v:6.21-6.22
Info:      logic  0.66  9.14 Source driver.y_SB_DFFNE_Q_6_D_SB_LUT4_O_I3_SB_LUT4_O_I3_SB_LUT4_I3_O_SB_LUT4_I0_O_SB_LUT4_I0_LC.O
Info:    routing  0.87  10.00 Net driver.y_SB_DFFNE_Q_6_D_SB_LUT4_O_I3_SB_LUT4_O_I3_SB_LUT4_I3_O_SB_LUT4_I3_O_SB_LUT4_I0_O[0] (6,3) -> (7,3)
Info:                          Sink driver.state_SB_DFFNE_Q_E_SB_DFFNE_E_Q_SB_LUT4_I3_1_O_SB_LUT4_O_LC.I2
Info:                          Defined in:
Info:                               /usr/local/bin/../share/yosys/ice40/cells_map.v:6.21-6.22
Info:      logic  0.56  10.56 Source driver.state_SB_DFFNE_Q_E_SB_DFFNE_E_Q_SB_LUT4_I3_1_O_SB_LUT4_O_LC.O
Info:    routing  0.87  11.43 Net driver.state_SB_DFFNE_Q_E_SB_DFFNE_E_Q_SB_LUT4_I3_1_O[1] (7,3) -> (6,3)
Info:                          Sink driver.x_SB_DFFNE_Q_D_SB_LUT4_O_I3_SB_LUT4_O_LC.I3
Info:                          Defined in:
Info:                               /usr/local/bin/../share/yosys/ice40/cells_map.v:6.21-6.22
Info:      logic  0.47  11.89 Source driver.x_SB_DFFNE_Q_D_SB_LUT4_O_I3_SB_LUT4_O_LC.O
Info:    routing  2.34  14.24 Net driver.current_byte_pos_SB_DFFN_Q_D_SB_LUT4_O_I0_SB_LUT4_O_I3_SB_CARRY_CO_CI_SB_LUT4_I3_O_SB_LUT4_I0_I1[3] (6,3) -> (11,5)
Info:                          Sink driver.current_byte_pos_SB_DFFN_Q_D_SB_LUT4_O_I0_SB_LUT4_O_I3_SB_CARRY_CO_CI_SB_LUT4_I3_O_SB_LUT4_I0_LC.I3
Info:                          Defined in:
Info:                               /usr/local/bin/../share/yosys/ice40/cells_map.v:6.21-6.22
Info:      logic  0.47  14.70 Source driver.current_byte_pos_SB_DFFN_Q_D_SB_LUT4_O_I0_SB_LUT4_O_I3_SB_CARRY_CO_CI_SB_LUT4_I3_O_SB_LUT4_I0_LC.O
Info:    routing  2.70  17.41 Net driver.cmd_selector_SB_DFFNE_Q_E (11,5) -> (11,5)
Info:                          Sink driver.cmd_selector_SB_DFFNE_Q_1_D_SB_LUT4_O_LC.CEN
Info:      setup  0.10  17.51 Source driver.cmd_selector_SB_DFFNE_Q_1_D_SB_LUT4_O_LC.CEN
Info: 5.30 ns logic, 12.21 ns routing

Info: Critical path report for clock 'clk$SB_IO_IN_$glb_clk' (posedge -> posedge):
Info:       type curr  total name
Info:   clk-to-q  0.80  0.80 Source dbu.mss_SB_DFFE_Q_4_D_SB_LUT4_O_LC.O
Info:    routing  2.51  3.30 Net dbu.jump_t0_SB_LUT4_I3_O[1] (5,1) -> (6,11)
Info:                          Sink dbu.dino_pose_sel_SB_LUT4_I1_I3_SB_LUT4_O_I2_SB_LUT4_O_I3_SB_LUT4_O_I2_SB_LUT4_O_I1_SB_LUT4_O_LC.I1
Info:                          Defined in:
Info:                               ./display_buf_updater.v:78.20-78.23
Info:      logic  0.38  3.68 Source dbu.dino_pose_sel_SB_LUT4_I1_I3_SB_LUT4_O_I2_SB_LUT4_O_I3_SB_LUT4_O_I2_SB_LUT4_O_I1_SB_LUT4_O_LC.COUT
Info:    routing  0.38  4.07 Net dbu.dino_pose_sel_SB_LUT4_I1_I3_SB_LUT4_O_I2_SB_LUT4_O_I3_SB_LUT4_O_I2_SB_LUT4_O_I2_SB_LUT4_O_I3 (6,11) -> (6,11)
Info:                          Sink dbu.dino_pose_sel_SB_LUT4_I1_I3_SB_LUT4_O_I2_SB_LUT4_O_I3_SB_LUT4_O_I2_SB_LUT4_O_I2_SB_LUT4_O_LC.I3
Info:                          Defined in:
Info:                               ./display_buf_updater.v:108.15-108.34
Info:                               /usr/local/bin/../share/yosys/ice40/arith_map.v:62.5-70.4
Info:                               /usr/local/bin/../share/yosys/ice40/cells_map.v:6.21-6.22
Info:      logic  0.47  4.53 Source dbu.dino_pose_sel_SB_LUT4_I1_I3_SB_LUT4_O_I2_SB_LUT4_O_I3_SB_LUT4_O_I2_SB_LUT4_O_I2_SB_LUT4_O_LC.O
Info:    routing  0.87  5.40 Net dbu.dino_pose_sel_SB_LUT4_I1_I3_SB_LUT4_O_I2_SB_LUT4_O_I3_SB_LUT4_O_I2_SB_LUT4_O_I2[2] (6,11) -> (6,11)
Info:                          Sink dbu.dino_pose_sel_SB_LUT4_I1_I3_SB_LUT4_O_I3_SB_CARRY_CO_I1_SB_LUT4_O_I2_SB_LUT4_O_LC.I3
Info:                          Defined in:
Info:                               /usr/local/bin/../share/yosys/ice40/cells_map.v:6.21-6.22
Info:      logic  0.47  5.86 Source dbu.dino_pose_sel_SB_LUT4_I1_I3_SB_LUT4_O_I3_SB_CARRY_CO_I1_SB_LUT4_O_I2_SB_LUT4_O_LC.O
Info:    routing  1.96  7.82 Net dbu.dino_pose_sel_SB_LUT4_I1_I3_SB_LUT4_O_I3_SB_CARRY_CO_I1_SB_LUT4_O_I2[2] (6,11) -> (5,8)
Info:                          Sink dbu.dino_pose_sel_SB_LUT4_I1_I3_SB_LUT4_O_I3_SB_CARRY_CO_I1_SB_LUT4_O_LC.I2
Info:                          Defined in:
Info:                               ./display_buf_updater.v:155.34-155.48
Info:                               /usr/local/bin/../share/yosys/ice40/arith_map.v:62.5-70.4
Info:                               /usr/local/bin/../share/yosys/ice40/cells_map.v:6.21-6.22
Info:      logic  0.34  8.17 Source dbu.dino_pose_sel_SB_LUT4_I1_I3_SB_LUT4_O_I3_SB_CARRY_CO_I1_SB_LUT4_O_LC.COUT
Info:    routing  0.00  8.17 Net dbu.dino_pose_sel_SB_LUT4_I1_I3_SB_LUT4_O_I2_SB_LUT4_O_I3_SB_LUT4_O_I2[3] (5,8) -> (5,8)
Info:                          Sink dbu.dino_pose_sel_SB_LUT4_I1_I3_SB_LUT4_O_I2_SB_LUT4_O_I3_SB_LUT4_O_LC.CIN
Info:                          Defined in:
Info:                               ./display_buf_updater.v:155.34-155.48
Info:                               /usr/local/bin/../share/yosys/ice40/arith_map.v:62.5-70.4
Info:                               /usr/local/bin/../share/yosys/ice40/abc9_model.v:4.9-4.11
Info:      logic  0.19  8.35 Source dbu.dino_pose_sel_SB_LUT4_I1_I3_SB_LUT4_O_I2_SB_LUT4_O_I3_SB_LUT4_O_LC.COUT
Info:    routing  0.38  8.73 Net dbu.dino_pose_sel_SB_LUT4_I1_1_O_SB_LUT4_O_I3_SB_LUT4_O_I2_SB_LUT4_O_I3_SB_LUT4_O_I2[3] (5,8) -> (5,8)
Info:                          Sink dbu.dino_pose_sel_SB_LUT4_I1_1_O_SB_LUT4_O_I3_SB_LUT4_O_I2_SB_LUT4_O_I3_SB_LUT4_O_LC.I3
Info:                          Defined in:
Info:                               ./display_buf_updater.v:155.34-155.48
Info:                               /usr/local/bin/../share/yosys/ice40/arith_map.v:62.5-70.4
Info:                               /usr/local/bin/../share/yosys/ice40/abc9_model.v:4.9-4.11
Info:      logic  0.47  9.20 Source dbu.dino_pose_sel_SB_LUT4_I1_1_O_SB_LUT4_O_I3_SB_LUT4_O_I2_SB_LUT4_O_I3_SB_LUT4_O_LC.O
Info:    routing  0.87  10.07 Net dbu.dino_pose_sel_SB_LUT4_I1_1_O_SB_LUT4_O_I3_SB_LUT4_O_I2_SB_LUT4_O_I3 (5,8) -> (5,7)
Info:                          Sink dbu.addr_SB_DFFE_Q_D_SB_LUT4_O_I1_SB_LUT4_I2_1_O_SB_LUT4_I1_I2_SB_CARRY_CO_CI_SB_CARRY_CO$CARRY.I0
Info:                          Defined in:
Info:                               /usr/local/bin/../share/yosys/ice40/cells_map.v:6.21-6.22
Info:      logic  0.66  10.73 Source dbu.addr_SB_DFFE_Q_D_SB_LUT4_O_I1_SB_LUT4_I2_1_O_SB_LUT4_I1_I2_SB_CARRY_CO_CI_SB_CARRY_CO$CARRY.O
Info:    routing  0.87  11.59 Net dbu.dino_pose_sel_SB_LUT4_I1_1_O_SB_LUT4_O_I3_SB_LUT4_O_I2_SB_LUT4_O_I3_SB_LUT4_I2_O (5,7) -> (5,7)
Info:                          Sink dbu.dino_pose_sel_SB_LUT4_I1_I3_SB_LUT4_O_I2_SB_LUT4_O_I3_SB_CARRY_I1_CO_SB_CARRY_CI$CARRY.I3
Info:                          Defined in:
Info:                               /usr/local/bin/../share/yosys/ice40/cells_map.v:6.21-6.22
Info:      logic  0.47  12.06 Source dbu.dino_pose_sel_SB_LUT4_I1_I3_SB_LUT4_O_I2_SB_LUT4_O_I3_SB_CARRY_I1_CO_SB_CARRY_CI$CARRY.O
Info:    routing  0.87  12.93 Net dbu.dino_pose_sel_SB_LUT4_I1_1_O_SB_LUT4_O_I3_SB_LUT4_O_I2_SB_LUT4_O_I3_SB_LUT4_I2_O_SB_LUT4_I3_O (5,7) -> (5,7)
Info:                          Sink dbu.dino_pose_sel_SB_LUT4_I1_I3_SB_LUT4_O_I2_SB_LUT4_O_I3_SB_CARRY_I1_CO_SB_CARRY_CI$CARRY.I2
Info:      logic  0.34  13.27 Source dbu.dino_pose_sel_SB_LUT4_I1_I3_SB_LUT4_O_I2_SB_LUT4_O_I3_SB_CARRY_I1_CO_SB_CARRY_CI$CARRY.COUT
Info:    routing  0.00  13.27 Net dbu.addr_SB_DFFE_Q_D_SB_LUT4_O_I1_SB_LUT4_I2_1_O_SB_LUT4_I1_I2_SB_CARRY_CO_CI_SB_CARRY_CO_CI (5,7) -> (5,7)
Info:                          Sink dbu.addr_SB_DFFE_Q_D_SB_LUT4_O_I1_SB_LUT4_I2_1_O_SB_LUT4_I1_I2_SB_CARRY_CO_CI_SB_CARRY_CO$CARRY.CIN
Info:                          Defined in:
Info:                               ./display_buf_updater.v:98.44-98.72
Info:                               /usr/local/bin/../share/yosys/ice40/arith_map.v:62.5-70.4
Info:                               /usr/local/bin/../share/yosys/ice40/abc9_model.v:4.9-4.11
Info:      logic  0.19  13.45 Source dbu.addr_SB_DFFE_Q_D_SB_LUT4_O_I1_SB_LUT4_I2_1_O_SB_LUT4_I1_I2_SB_CARRY_CO_CI_SB_CARRY_CO$CARRY.COUT
Info:    routing  0.00  13.45 Net dbu.addr_SB_DFFE_Q_D_SB_LUT4_O_I1_SB_LUT4_I2_1_O_SB_LUT4_I1_I2_SB_CARRY_CO_CI (5,7) -> (5,7)
Info:                          Sink dbu.addr_SB_DFFE_Q_D_SB_LUT4_O_I1_SB_LUT4_I2_1_O_SB_LUT4_I1_I2_SB_CARRY_CO$CARRY.CIN
Info:                          Defined in:
Info:                               ./display_buf_updater.v:98.44-98.72
Info:                               /usr/local/bin/../share/yosys/ice40/arith_map.v:62.5-70.4
Info:                               /usr/local/bin/../share/yosys/ice40/abc9_model.v:4.9-4.11
Info:      logic  0.19  13.64 Source dbu.addr_SB_DFFE_Q_D_SB_LUT4_O_I1_SB_LUT4_I2_1_O_SB_LUT4_I1_I2_SB_CARRY_CO$CARRY.COUT
Info:    routing  0.38  14.02 Net $nextpnr_ICESTORM_LC_35$I3 (5,7) -> (5,7)
Info:                          Sink $nextpnr_ICESTORM_LC_35.I3
Info:      logic  0.47  14.49 Source $nextpnr_ICESTORM_LC_35.O
Info:    routing  1.33  15.82 Net dbu.addr_SB_DFFE_Q_D_SB_LUT4_O_I1_SB_LUT4_I2_1_O[2] (5,7) -> (2,7)
Info:                          Sink dbu.addr_SB_DFFE_Q_D_SB_LUT4_O_I1_SB_LUT4_I2_1_O_SB_LUT4_I1_I2_SB_LUT4_I2_LC.I2
Info:                          Defined in:
Info:                               /usr/local/bin/../share/yosys/ice40/cells_map.v:6.21-6.22
Info:      logic  0.56  16.38 Source dbu.addr_SB_DFFE_Q_D_SB_LUT4_O_I1_SB_LUT4_I2_1_O_SB_LUT4_I1_I2_SB_LUT4_I2_LC.O
Info:    routing  0.87  17.24 Net u_update_SB_LUT4_I2_I3_SB_LUT4_I3_O_SB_LUT4_O_1_I2[3] (2,7) -> (2,7)
Info:                          Sink dbu.pix_temp_SB_DFFESR_Q_R_SB_LUT4_O_1_LC.I3
Info:                          Defined in:
Info:                               /usr/local/bin/../share/yosys/ice40/cells_map.v:6.21-6.22
Info:      logic  0.47  17.71 Source dbu.pix_temp_SB_DFFESR_Q_R_SB_LUT4_O_1_LC.O
Info:    routing  0.87  18.58 Net dbu.pix_temp_SB_DFFESR_Q_R[3] (2,7) -> (2,6)
Info:                          Sink dbu.pix_temp_SB_DFFESR_Q_R_SB_LUT4_I1_LC.I3
Info:                          Defined in:
Info:                               /usr/local/bin/../share/yosys/ice40/cells_map.v:6.21-6.22
Info:      logic  0.47  19.04 Source dbu.pix_temp_SB_DFFESR_Q_R_SB_LUT4_I1_LC.O
Info:    routing  1.37  20.41 Net dbu.pix_temp_SB_DFFESR_Q_R_SB_LUT4_I1_O (2,6) -> (2,5)
Info:                          Sink dbu.addr_SB_DFFE_Q_10_D_SB_LUT4_O_LC.CEN
Info:      setup  0.10  20.51 Source dbu.addr_SB_DFFE_Q_10_D_SB_LUT4_O_LC.CEN
Info: 6.99 ns logic, 13.52 ns routing

Info: Critical path report for cross-domain path '<async>' -> 'posedge clk$SB_IO_IN_$glb_clk':
Info:       type curr  total name
Info:     source  0.00  0.00 Source RX$sb_io.D_IN_0
Info:    routing  0.87  0.87 Net RX$SB_IO_IN (7,17) -> (7,16)
Info:                          Sink RX_SB_LUT4_I3_LC.I3
Info:                          Defined in:
Info:                               ../../lib/uart/uart_rx.v:30.8-30.10
Info:      setup  0.50  1.36 Source RX_SB_LUT4_I3_LC.I3
Info: 0.50 ns logic, 0.87 ns routing

Info: Critical path report for cross-domain path 'posedge clk$SB_IO_IN_$glb_clk' -> '<async>':
Info:       type curr  total name
Info:   clk-to-q  0.80  0.80 Source utx.tx_shift_SB_DFFE_Q_6_D_SB_LUT4_O_LC.O
Info:    routing  2.43  3.22 Net utx.tx_shift[0] (11,13) -> (6,14)
Info:                          Sink TX_SB_LUT4_O_LC.I3
Info:                          Defined in:
Info:                               ../../lib/uart/uart_tx.v:48.11-48.19
Info:      logic  0.47  3.69 Source TX_SB_LUT4_O_LC.O
Info:    routing  1.41  5.10 Net TX$SB_IO_OUT (6,14) -> (6,17)
Info:                          Sink TX$sb_io.D_OUT_0
Info:                          Defined in:
Info:                               ../../lib/uart/uart_tx.v:30.13-30.15
Info: 1.26 ns logic, 3.84 ns routing

Info: Critical path report for cross-domain path 'posedge clk$SB_IO_IN_$glb_clk' -> 'negedge oled_clk$SB_IO_OUT_$glb_clk':
Info:       type curr  total name
Info:   clk-to-q  0.80  0.80 Source driver.advertise_pixel_consume_buffer_SB_LUT4_I2_LC.O
Info:    routing  1.41  2.21 Net driver.advertise_pixel_consume_buffer_SB_LUT4_I2_O_SB_DFF_D_Q[0] (7,1) -> (7,4)
Info:                          Sink driver.color_valid_SB_LUT4_I2_LC.I1
Info:                          Defined in:
Info:                               /usr/local/bin/../share/yosys/ice40/cells_map.v:6.21-6.22
Info:      logic  0.59  2.80 Source driver.color_valid_SB_LUT4_I2_LC.O
Info:    routing  0.87  3.66 Net driver.color_valid_SB_LUT4_I2_O[1] (7,4) -> (6,4)
Info:                          Sink driver.state_SB_DFFNE_Q_E_SB_LUT4_O_LC.I0
Info:                          Defined in:
Info:                               /usr/local/bin/../share/yosys/ice40/cells_map.v:6.21-6.22
Info:      logic  0.66  4.33 Source driver.state_SB_DFFNE_Q_E_SB_LUT4_O_LC.O
Info:    routing  2.38  6.71 Net driver.state_SB_DFFNE_Q_E (6,4) -> (5,3)
Info:                          Sink driver.state_SB_DFFNE_Q_D_SB_LUT4_O_LC.CEN
Info:      setup  0.10  6.81 Source driver.state_SB_DFFNE_Q_D_SB_LUT4_O_LC.CEN
Info: 2.14 ns logic, 4.67 ns routing

Info: Critical path report for cross-domain path 'negedge oled_clk$SB_IO_OUT_$glb_clk' -> '<async>':
Info:       type curr  total name
Info:   clk-to-q  0.80  0.80 Source driver.oled_dc_SB_DFFNSR_Q_D_SB_LUT4_O_LC.O
Info:    routing  2.89  3.69 Net oled_dc$SB_IO_OUT (9,5) -> (0,8)
Info:                          Sink oled_dc$sb_io.D_OUT_0
Info:                          Defined in:
Info:                               ./top.v:10.17-10.24
Info: 0.80 ns logic, 2.89 ns routing

Info: Critical path report for cross-domain path 'negedge oled_clk$SB_IO_OUT_$glb_clk' -> 'posedge clk$SB_IO_IN_$glb_clk':
Info:       type curr  total name
Info:   clk-to-q  0.80  0.80 Source driver.x_SB_DFFNE_Q_2_D_SB_LUT4_O_LC.O
Info:    routing  0.87  1.66 Net x[5] (7,3) -> (7,2)
Info:                          Sink $nextpnr_ICESTORM_LC_29.I1
Info:                          Defined in:
Info:                               ./top.v:62.12-62.13
Info:      logic  0.38  2.04 Source $nextpnr_ICESTORM_LC_29.COUT
Info:    routing  0.00  2.04 Net $nextpnr_ICESTORM_LC_29$O (7,2) -> (7,2)
Info:                          Sink pre_next_pixel_SB_LUT4_I3_1_I1_SB_CARRY_CO_CI_SB_CARRY_CO$CARRY.CIN
Info:      logic  0.19  2.23 Source pre_next_pixel_SB_LUT4_I3_1_I1_SB_CARRY_CO_CI_SB_CARRY_CO$CARRY.COUT
Info:    routing  0.00  2.23 Net pre_next_pixel_SB_LUT4_I3_1_I1_SB_CARRY_CO_CI (7,2) -> (7,2)
Info:                          Sink pre_next_pixel_SB_LUT4_I3_1_I1_SB_CARRY_CO$CARRY.CIN
Info:                          Defined in:
Info:                               ./st7735.v:336.17-336.33
Info:                               /usr/local/bin/../share/yosys/ice40/arith_map.v:62.5-70.4
Info:                               /usr/local/bin/../share/yosys/ice40/abc9_model.v:4.9-4.11
Info:      logic  0.19  2.42 Source pre_next_pixel_SB_LUT4_I3_1_I1_SB_CARRY_CO$CARRY.COUT
Info:    routing  0.38  2.80 Net $nextpnr_ICESTORM_LC_30$I3 (7,2) -> (7,2)
Info:                          Sink $nextpnr_ICESTORM_LC_30.I3
Info:      logic  0.47  3.26 Source $nextpnr_ICESTORM_LC_30.O
Info:    routing  1.96  5.22 Net pre_next_pixel_SB_LUT4_I3_1_I1 (7,2) -> (6,7)
Info:                          Sink pre_next_pixel_SB_LUT4_I3_1_LC.I1
Info:                          Defined in:
Info:                               ./st7735.v:336.17-336.33
Info:                               /usr/local/bin/../share/yosys/ice40/arith_map.v:62.5-70.4
Info:                               /usr/local/bin/../share/yosys/ice40/abc9_model.v:4.9-4.11
Info:      logic  0.59  5.81 Source pre_next_pixel_SB_LUT4_I3_1_LC.O
Info:    routing  0.87  6.68 Net S_SB_DFFSR_Q_D_SB_LUT4_O_I3[2] (6,7) -> (7,8)
Info:                          Sink u_update_SB_DFFESR_Q_E_SB_LUT4_O_LC.I3
Info:                          Defined in:
Info:                               /usr/local/bin/../share/yosys/ice40/cells_map.v:6.21-6.22
Info:      logic  0.47  7.14 Source u_update_SB_DFFESR_Q_E_SB_LUT4_O_LC.O
Info:    routing  1.84  8.98 Net u_update_SB_DFFESR_Q_E (7,8) -> (7,8)
Info:                          Sink u_update_SB_DFFESR_Q_D_SB_LUT4_O_LC.CEN
Info:      setup  0.10  9.08 Source u_update_SB_DFFESR_Q_D_SB_LUT4_O_LC.CEN
Info: 3.17 ns logic, 5.91 ns routing

Info: Max frequency for clock 'oled_clk$SB_IO_OUT_$glb_clk': 57.12 MHz (PASS at 48.00 MHz)
Info: Max frequency for clock       'clk$SB_IO_IN_$glb_clk': 48.75 MHz (PASS at 48.00 MHz)

Info: Max delay <async>                             -> posedge clk$SB_IO_IN_$glb_clk      : 1.36 ns
Info: Max delay posedge clk$SB_IO_IN_$glb_clk       -> <async>                            : 5.10 ns
Info: Max delay posedge clk$SB_IO_IN_$glb_clk       -> negedge oled_clk$SB_IO_OUT_$glb_clk: 6.81 ns
Info: Max delay negedge oled_clk$SB_IO_OUT_$glb_clk -> <async>                            : 3.69 ns
Info: Max delay negedge oled_clk$SB_IO_OUT_$glb_clk -> posedge clk$SB_IO_IN_$glb_clk      : 9.08 ns

Info: Slack histogram:
Info:  legend: * represents 4 endpoint(s)
Info:          + represents [1,4) endpoint(s)
Info: [   320,   1258) |****+
Info: [  1258,   2196) |*****+
Info: [  2196,   3134) | 
Info: [  3134,   4072) |+
Info: [  4072,   5010) |+
Info: [  5010,   5948) |+
Info: [  5948,   6886) |***+
Info: [  6886,   7824) |**+
Info: [  7824,   8762) |**+
Info: [  8762,   9700) |*****+
Info: [  9700,  10638) |******+
Info: [ 10638,  11576) |****+
Info: [ 11576,  12514) |************+
Info: [ 12514,  13452) |********************+
Info: [ 13452,  14390) |*************************************+
Info: [ 14390,  15328) |*************************************************+
Info: [ 15328,  16266) |*****************************+
Info: [ 16266,  17204) |**********************+
Info: [ 17204,  18142) |************************************************************ 
Info: [ 18142,  19080) |***************************************+
1 warning, 0 errors

Info: Program finished normally.
